<?xml version="1.0" encoding="UTF-8"?>
<!-- Generated by org.testng.reporters.JUnitReportReporter -->
<testsuite hostname="DESKTOP-AUQI9P7" failures="0" tests="2" name="DataProvider.TestDataProvider" time="12.943" errors="0" timestamp="18 Aug 2021 02:51:06 GMT">
  <testcase classname="DataProvider.TestDataProvider" name="doLogin" time="7.010"/>
  <testcase classname="DataProvider.TestDataProvider" name="doLogin" time="5.933"/>
</testsuite> <!-- DataProvider.TestDataProvider -->
