<?xml version="1.0" encoding="UTF-8"?>
<!-- Generated by org.testng.reporters.JUnitReportReporter -->
<testsuite hostname="DESKTOP-AUQI9P7" failures="0" tests="3" name="com.Day18.SimpleFormDemo.TestNG.SimpleFormPageTest" time="1.823" errors="0" timestamp="18 Aug 2021 05:17:03 GMT">
  <testcase classname="com.Day18.SimpleFormDemo.TestNG.SimpleFormPageTest" name="singleInputFieldForm" time="0.393"/>
  <testcase classname="com.Day18.SimpleFormDemo.TestNG.SimpleFormPageTest" name="twoInputFieldForm" time="0.403"/>
  <testcase classname="com.Day18.SimpleFormDemo.TestNG.SimpleFormPageTest" name="verifySimpleFormDemoHomePage" time="1.027"/>
</testsuite> <!-- com.Day18.SimpleFormDemo.TestNG.SimpleFormPageTest -->
