<?xml version="1.0" encoding="UTF-8"?>
<!-- Generated by org.testng.reporters.JUnitReportReporter -->
<testsuite hostname="DESKTOP-AUQI9P7" failures="0" tests="2" name="com.Day21.Groups.EbayPage" time="0.009" errors="0" timestamp="18 Aug 2021 02:35:20 GMT">
  <testcase classname="com.Day21.Groups.EbayPage" name="WebAddCartItem" time="0.003"/>
  <testcase classname="com.Day21.Groups.EbayPage" name="WebLogin" time="0.006"/>
</testsuite> <!-- com.Day21.Groups.EbayPage -->
