<?xml version="1.0" encoding="UTF-8"?>
<!-- Generated by org.testng.reporters.JUnitReportReporter -->
<testsuite hostname="DESKTOP-AUQI9P7" failures="0" tests="2" name="com.Day21.Groups.FlipcartPageTest" time="0.008" errors="0" timestamp="18 Aug 2021 05:54:23 GMT">
  <testcase classname="com.Day21.Groups.FlipcartPageTest" name="TCID_01_WebLogin" time="0.003"/>
  <testcase classname="com.Day21.Groups.FlipcartPageTest" name="TCID_03_WebAddCartItem" time="0.005"/>
</testsuite> <!-- com.Day21.Groups.FlipcartPageTest -->
