<?xml version="1.0" encoding="UTF-8"?>
<!-- Generated by org.testng.reporters.JUnitReportReporter -->
<testsuite hostname="DESKTOP-AUQI9P7" failures="0" tests="2" name="com.Day21.Groups.FlipcartPage" time="0.010" errors="0" timestamp="18 Aug 2021 02:35:20 GMT">
  <testcase classname="com.Day21.Groups.FlipcartPage" name="WebLogin" time="0.003"/>
  <testcase classname="com.Day21.Groups.FlipcartPage" name="WebAddCartItem" time="0.007"/>
</testsuite> <!-- com.Day21.Groups.FlipcartPage -->
