<?xml version="1.0" encoding="UTF-8"?>
<!-- Generated by org.testng.reporters.JUnitReportReporter -->
<testsuite hostname="DESKTOP-AUQI9P7" failures="0" tests="4" name="com.Day21.Parameterization.DataForParameterization" time="0.010" errors="0" timestamp="17 Aug 2021 08:38:13 GMT">
  <testcase classname="com.Day21.Parameterization.DataForParameterization" name="doLogin" time="0.002"/>
  <testcase classname="com.Day21.Parameterization.DataForParameterization" name="doLogin" time="0.003"/>
  <testcase classname="com.Day21.Parameterization.DataForParameterization" name="doLogin" time="0.002"/>
  <testcase classname="com.Day21.Parameterization.DataForParameterization" name="doLogin" time="0.003"/>
</testsuite> <!-- com.Day21.Parameterization.DataForParameterization -->
