<?xml version="1.0" encoding="UTF-8"?>
<!-- Generated by org.testng.reporters.JUnitReportReporter -->
<testsuite hostname="DESKTOP-AUQI9P7" failures="0" tests="2" name="com.Day21.Groups.AmazonPage" time="0.037" errors="0" timestamp="18 Aug 2021 02:35:20 GMT">
  <testcase classname="com.Day21.Groups.AmazonPage" name="MobileAddCartItem" time="0.026"/>
  <testcase classname="com.Day21.Groups.AmazonPage" name="MobileLogin" time="0.011"/>
</testsuite> <!-- com.Day21.Groups.AmazonPage -->
