<?xml version="1.0" encoding="UTF-8"?>
<!-- Generated by org.testng.reporters.JUnitReportReporter -->
<testsuite hostname="DESKTOP-AUQI9P7" failures="0" tests="3" name="com.Day20.CheckBoxDemo.CheckBoxDemoPageTest" time="2.327" errors="0" timestamp="17 Aug 2021 05:23:13 GMT">
  <testcase classname="com.Day20.CheckBoxDemo.CheckBoxDemoPageTest" name="TC_ID_01_verifyCheckBoxDemoHomePage" time="1.688"/>
  <testcase classname="com.Day20.CheckBoxDemo.CheckBoxDemoPageTest" name="TC_ID_02_verifySingleCheckBoxDemoSection" time="0.298"/>
  <testcase classname="com.Day20.CheckBoxDemo.CheckBoxDemoPageTest" name="TC_ID_03_verifymultipleCheckBoxDemoSection" time="0.341"/>
</testsuite> <!-- com.Day20.CheckBoxDemo.CheckBoxDemoPageTest -->
