<?xml version="1.0" encoding="UTF-8"?>
<!-- Generated by org.testng.reporters.JUnitReportReporter -->
<testsuite hostname="DESKTOP-AUQI9P7" failures="0" tests="5" name="com.Day20.BootstrapAlertDemo.BootstrapAlertTest" time="4.178" errors="0" timestamp="17 Aug 2021 05:23:13 GMT">
  <testcase classname="com.Day20.BootstrapAlertDemo.BootstrapAlertTest" name="TC_ID_01_verifyBootstrapAlertHomePage" time="3.160"/>
  <testcase classname="com.Day20.BootstrapAlertDemo.BootstrapAlertTest" name="TC_ID_02_verifyAutocloseableableSuccessMessage" time="0.251"/>
  <testcase classname="com.Day20.BootstrapAlertDemo.BootstrapAlertTest" name="TC_ID_04_verifyAutocloseableWarningMessage" time="0.208"/>
  <testcase classname="com.Day20.BootstrapAlertDemo.BootstrapAlertTest" name="TC_ID_03_verifyNormalSuccessMessage" time="0.362"/>
  <testcase classname="com.Day20.BootstrapAlertDemo.BootstrapAlertTest" name="TC_ID_05_verifyNormalWarningMessage" time="0.197"/>
</testsuite> <!-- com.Day20.BootstrapAlertDemo.BootstrapAlertTest -->
