<?xml version="1.0" encoding="UTF-8"?>
<!-- Generated by org.testng.reporters.JUnitReportReporter -->
<testsuite hostname="DESKTOP-AUQI9P7" failures="0" tests="6" name="com.Day22.DataProvider.DemoToursTest" time="40.177" errors="0" timestamp="18 Aug 2021 06:56:21 GMT">
  <testcase classname="com.Day22.DataProvider.DemoToursTest" name="doLogin" time="6.455"/>
  <testcase classname="com.Day22.DataProvider.DemoToursTest" name="doLogin" time="6.176"/>
  <testcase classname="com.Day22.DataProvider.DemoToursTest" name="doLogin" time="7.303"/>
  <testcase classname="com.Day22.DataProvider.DemoToursTest" name="doLogin" time="7.147"/>
  <testcase classname="com.Day22.DataProvider.DemoToursTest" name="doLogin" time="6.576"/>
  <testcase classname="com.Day22.DataProvider.DemoToursTest" name="doLogin" time="6.520"/>
</testsuite> <!-- com.Day22.DataProvider.DemoToursTest -->
