<?xml version="1.0" encoding="UTF-8"?>
<!-- Generated by org.testng.reporters.JUnitReportReporter -->
<testsuite hostname="DESKTOP-AUQI9P7" failures="0" tests="2" name="com.Day21.Groups.AmazonPageTest" time="0.005" errors="0" timestamp="18 Aug 2021 05:54:23 GMT">
  <testcase classname="com.Day21.Groups.AmazonPageTest" name="TCID_04_MobileAddCartItem" time="0.003"/>
  <testcase classname="com.Day21.Groups.AmazonPageTest" name="TCID_02_MobileLogin" time="0.002"/>
</testsuite> <!-- com.Day21.Groups.AmazonPageTest -->
