<?xml version="1.0" encoding="UTF-8"?>
<!-- Generated by org.testng.reporters.JUnitReportReporter -->
<testsuite hostname="DESKTOP-AUQI9P7" failures="0" tests="2" name="Dataprovider1.DemoToursTest" time="13.427" errors="0" timestamp="18 Aug 2021 06:05:46 GMT">
  <testcase classname="Dataprovider1.DemoToursTest" name="doLogin" time="6.439"/>
  <testcase classname="Dataprovider1.DemoToursTest" name="doLogin" time="6.988"/>
</testsuite> <!-- Dataprovider1.DemoToursTest -->
