<?xml version="1.0" encoding="UTF-8"?>
<!-- Generated by org.testng.reporters.JUnitReportReporter -->
<testsuite hostname="DESKTOP-AUQI9P7" failures="0" tests="3" name="com.Day18.SimpleFormDemo.TestNG.SimpleFormPageTest" time="2.670" errors="0" timestamp="17 Aug 2021 05:24:09 GMT">
  <testcase classname="com.Day18.SimpleFormDemo.TestNG.SimpleFormPageTest" name="singleInputFieldForm" time="0.399"/>
  <testcase classname="com.Day18.SimpleFormDemo.TestNG.SimpleFormPageTest" name="verifySimpleFormDemoHomePage" time="1.838"/>
  <testcase classname="com.Day18.SimpleFormDemo.TestNG.SimpleFormPageTest" name="twoInputFieldForm" time="0.433"/>
</testsuite> <!-- com.Day18.SimpleFormDemo.TestNG.SimpleFormPageTest -->
